[ 2024-07-03T13:32:46+08:00 ] ::1 /
INFO: [ app_begin ] --START--
INFO: Run Behavior\ReadHtmlCache [ RunTime:0.000229s ]
INFO: Run Behavior\CheckLang [ RunTime:0.000532s ]
INFO: [ app_begin ] --END-- [ RunTime:0.000943s ]
SQL: SHOW COLUMNS FROM `ln_config` [ RunTime:0.000702s ]
SQL: SELECT `type`,`name`,`value` FROM `ln_config` WHERE ( `status` = 0 )  [ RunTime:0.000158s ]
NOTIC: [2] file_get_contents(http://www.adminx.site/index.php/user/api/index?name=shouorka&amp;domain=localhost): failed to open stream: HTTP request failed! HTTP/1.1 404 Not Found
 D:\gift_card\giftcard_sell_site\web\ThinkPHP\Library\Think\Controller.class.php 第 44 行.
SQL: SHOW COLUMNS FROM `ln_card_type` [ RunTime:0.001690s ]
SQL: SELECT * FROM `ln_card_type`  [ RunTime:0.000202s ]
SQL: SHOW COLUMNS FROM `ln_announcement` [ RunTime:0.000775s ]
SQL: SELECT * FROM `ln_announcement` ORDER BY id desc LIMIT 1   [ RunTime:0.000121s ]
SQL: SHOW COLUMNS FROM `ln_can_do` [ RunTime:0.000548s ]
SQL: SELECT * FROM `ln_can_do` ORDER BY id asc  [ RunTime:0.000094s ]
INFO: [ view_parse ] --START--
INFO: [ template_filter ] --START--
INFO: Run Behavior\ContentReplace [ RunTime:0.000107s ]
INFO: [ template_filter ] --END-- [ RunTime:0.000224s ]
INFO: Run Behavior\ParseTemplate [ RunTime:0.008961s ]
INFO: [ view_parse ] --END-- [ RunTime:0.009079s ]
INFO: [ view_filter ] --START--
INFO: Run Behavior\WriteHtmlCache [ RunTime:0.000185s ]
INFO: [ view_filter ] --END-- [ RunTime:0.000290s ]
INFO: [ app_end ] --START--
INFO: Run Behavior\ShowPageTrace [ RunTime:0.000227s ]
INFO: [ app_end ] --END-- [ RunTime:0.000330s ]

[ 2024-07-03T13:35:51+08:00 ] ::1 /
INFO: [ app_begin ] --START--
INFO: Run Behavior\ReadHtmlCache [ RunTime:0.000257s ]
INFO: Run Behavior\CheckLang [ RunTime:0.000587s ]
INFO: [ app_begin ] --END-- [ RunTime:0.001089s ]
SQL: SHOW COLUMNS FROM `ln_config` [ RunTime:0.010404s ]
SQL: SELECT `type`,`name`,`value` FROM `ln_config` WHERE ( `status` = 0 )  [ RunTime:0.000299s ]
NOTIC: [2] file_get_contents(http://www.adminx.site/index.php/user/api/index?name=shouorka&amp;domain=localhost:9003): failed to open stream: HTTP request failed! HTTP/1.1 404 Not Found
 D:\gift_card\giftcard_sell_site\web\ThinkPHP\Library\Think\Controller.class.php 第 44 行.
SQL: SHOW COLUMNS FROM `ln_card_type` [ RunTime:0.002081s ]
SQL: SELECT * FROM `ln_card_type`  [ RunTime:0.000461s ]
SQL: SHOW COLUMNS FROM `ln_announcement` [ RunTime:0.002048s ]
SQL: SELECT * FROM `ln_announcement` ORDER BY id desc LIMIT 1   [ RunTime:0.000494s ]
SQL: SHOW COLUMNS FROM `ln_can_do` [ RunTime:0.001501s ]
SQL: SELECT * FROM `ln_can_do` ORDER BY id asc  [ RunTime:0.000361s ]
INFO: [ view_parse ] --START--
INFO: [ template_filter ] --START--
INFO: Run Behavior\ContentReplace [ RunTime:0.000151s ]
INFO: [ template_filter ] --END-- [ RunTime:0.000336s ]
INFO: Run Behavior\ParseTemplate [ RunTime:0.022520s ]
INFO: [ view_parse ] --END-- [ RunTime:0.022772s ]
INFO: [ view_filter ] --START--
INFO: Run Behavior\WriteHtmlCache [ RunTime:0.000299s ]
INFO: [ view_filter ] --END-- [ RunTime:0.000507s ]
INFO: [ app_end ] --START--
INFO: Run Behavior\ShowPageTrace [ RunTime:0.000506s ]
INFO: [ app_end ] --END-- [ RunTime:0.000751s ]

[ 2024-07-03T13:35:58+08:00 ] ::1 /
INFO: [ app_begin ] --START--
INFO: Run Behavior\ReadHtmlCache [ RunTime:0.000352s ]
INFO: Run Behavior\CheckLang [ RunTime:0.000977s ]
INFO: [ app_begin ] --END-- [ RunTime:0.001828s ]
SQL: SHOW COLUMNS FROM `ln_config` [ RunTime:0.010609s ]
SQL: SELECT `type`,`name`,`value` FROM `ln_config` WHERE ( `status` = 0 )  [ RunTime:0.000413s ]
NOTIC: [2] file_get_contents(http://www.adminx.site/index.php/user/api/index?name=shouorka&amp;domain=localhost:9003): failed to open stream: HTTP request failed! HTTP/1.1 404 Not Found
 D:\gift_card\giftcard_sell_site\web\ThinkPHP\Library\Think\Controller.class.php 第 44 行.
SQL: SHOW COLUMNS FROM `ln_card_type` [ RunTime:0.001607s ]
SQL: SELECT * FROM `ln_card_type`  [ RunTime:0.000192s ]
SQL: SHOW COLUMNS FROM `ln_announcement` [ RunTime:0.000693s ]
SQL: SELECT * FROM `ln_announcement` ORDER BY id desc LIMIT 1   [ RunTime:0.000232s ]
SQL: SHOW COLUMNS FROM `ln_can_do` [ RunTime:0.000714s ]
SQL: SELECT * FROM `ln_can_do` ORDER BY id asc  [ RunTime:0.000126s ]
INFO: [ view_parse ] --START--
INFO: [ template_filter ] --START--
INFO: Run Behavior\ContentReplace [ RunTime:0.000137s ]
INFO: [ template_filter ] --END-- [ RunTime:0.000286s ]
INFO: Run Behavior\ParseTemplate [ RunTime:0.011054s ]
INFO: [ view_parse ] --END-- [ RunTime:0.011215s ]
INFO: [ view_filter ] --START--
INFO: Run Behavior\WriteHtmlCache [ RunTime:0.000208s ]
INFO: [ view_filter ] --END-- [ RunTime:0.000347s ]
INFO: [ app_end ] --START--
INFO: Run Behavior\ShowPageTrace [ RunTime:0.000265s ]
INFO: [ app_end ] --END-- [ RunTime:0.000423s ]

[ 2024-07-03T13:36:40+08:00 ] ::1 /Home/Public/register/type/2
INFO: [ app_begin ] --START--
INFO: Run Behavior\ReadHtmlCache [ RunTime:0.000208s ]
INFO: Run Behavior\CheckLang [ RunTime:0.000475s ]
INFO: [ app_begin ] --END-- [ RunTime:0.000907s ]
SQL: SHOW COLUMNS FROM `ln_config` [ RunTime:0.001347s ]
SQL: SELECT `type`,`name`,`value` FROM `ln_config` WHERE ( `status` = 0 )  [ RunTime:0.000193s ]
NOTIC: [2] file_get_contents(http://www.adminx.site/index.php/user/api/index?name=shouorka&amp;domain=localhost:9003): failed to open stream: HTTP request failed! HTTP/1.1 404 Not Found
 D:\gift_card\giftcard_sell_site\web\ThinkPHP\Library\Think\Controller.class.php 第 44 行.
INFO: [ view_parse ] --START--
INFO: [ template_filter ] --START--
INFO: Run Behavior\ContentReplace [ RunTime:0.000107s ]
INFO: [ template_filter ] --END-- [ RunTime:0.000289s ]
INFO: Run Behavior\ParseTemplate [ RunTime:0.005571s ]
INFO: [ view_parse ] --END-- [ RunTime:0.005796s ]
INFO: [ view_filter ] --START--
INFO: Run Behavior\WriteHtmlCache [ RunTime:0.000205s ]
INFO: [ view_filter ] --END-- [ RunTime:0.000344s ]
INFO: [ app_end ] --START--
INFO: Run Behavior\ShowPageTrace [ RunTime:0.000252s ]
INFO: [ app_end ] --END-- [ RunTime:0.000391s ]

[ 2024-07-03T13:36:57+08:00 ] ::1 /Home/Public/getCode
INFO: [ app_begin ] --START--
INFO: Run Behavior\ReadHtmlCache [ RunTime:0.000314s ]
INFO: Run Behavior\CheckLang [ RunTime:0.000870s ]
INFO: [ app_begin ] --END-- [ RunTime:0.001640s ]
SQL: SHOW COLUMNS FROM `ln_config` [ RunTime:0.009803s ]
SQL: SELECT `type`,`name`,`value` FROM `ln_config` WHERE ( `status` = 0 )  [ RunTime:0.000316s ]
NOTIC: [2] file_get_contents(http://www.adminx.site/index.php/user/api/index?name=shouorka&amp;domain=localhost:9003): failed to open stream: HTTP request failed! HTTP/1.1 404 Not Found
 D:\gift_card\giftcard_sell_site\web\ThinkPHP\Library\Think\Controller.class.php 第 44 行.
SQL: SHOW COLUMNS FROM `ln_user` [ RunTime:0.010157s ]
SQL: SELECT COUNT(*) AS tp_count FROM `ln_user` WHERE ( phone=13717701687 ) LIMIT 1   [ RunTime:0.000303s ]
NOTIC: [2] error_log(./logs/sms_error2024_07_03.log): failed to open stream: No such file or directory D:\gift_card\giftcard_sell_site\web\Application\Common\Common\function.php 第 48 行.

[ 2024-07-03T13:36:58+08:00 ] ::1 /Home/Public/getCode
INFO: [ app_begin ] --START--
INFO: Run Behavior\ReadHtmlCache [ RunTime:0.000221s ]
INFO: Run Behavior\CheckLang [ RunTime:0.000653s ]
INFO: [ app_begin ] --END-- [ RunTime:0.001107s ]
SQL: SHOW COLUMNS FROM `ln_config` [ RunTime:0.010030s ]
SQL: SELECT `type`,`name`,`value` FROM `ln_config` WHERE ( `status` = 0 )  [ RunTime:0.000584s ]
NOTIC: [2] file_get_contents(http://www.adminx.site/index.php/user/api/index?name=shouorka&amp;domain=localhost:9003): failed to open stream: HTTP request failed! HTTP/1.1 404 Not Found
 D:\gift_card\giftcard_sell_site\web\ThinkPHP\Library\Think\Controller.class.php 第 44 行.
SQL: SHOW COLUMNS FROM `ln_user` [ RunTime:0.002450s ]
SQL: SELECT COUNT(*) AS tp_count FROM `ln_user` WHERE ( phone=13717701687 ) LIMIT 1   [ RunTime:0.000307s ]
NOTIC: [2] error_log(./logs/sms_privalige_min2024_07_03.log): failed to open stream: No such file or directory D:\gift_card\giftcard_sell_site\web\Application\Common\Common\function.php 第 48 行.

[ 2024-07-03T13:38:26+08:00 ] ::1 /Home/Public/register/type/2
INFO: [ app_begin ] --START--
INFO: Run Behavior\ReadHtmlCache [ RunTime:0.000243s ]
INFO: Run Behavior\CheckLang [ RunTime:0.000557s ]
INFO: [ app_begin ] --END-- [ RunTime:0.001038s ]
SQL: SHOW COLUMNS FROM `ln_config` [ RunTime:0.001412s ]
SQL: SELECT `type`,`name`,`value` FROM `ln_config` WHERE ( `status` = 0 )  [ RunTime:0.000208s ]
NOTIC: [2] file_get_contents(http://www.adminx.site/index.php/user/api/index?name=shouorka&amp;domain=localhost:9003): failed to open stream: HTTP request failed! HTTP/1.1 404 Not Found
 D:\gift_card\giftcard_sell_site\web\ThinkPHP\Library\Think\Controller.class.php 第 44 行.
INFO: [ view_parse ] --START--
INFO: [ template_filter ] --START--
INFO: Run Behavior\ContentReplace [ RunTime:0.000101s ]
INFO: [ template_filter ] --END-- [ RunTime:0.000261s ]
INFO: Run Behavior\ParseTemplate [ RunTime:0.012399s ]
INFO: [ view_parse ] --END-- [ RunTime:0.012832s ]
INFO: [ view_filter ] --START--
INFO: Run Behavior\WriteHtmlCache [ RunTime:0.000224s ]
INFO: [ view_filter ] --END-- [ RunTime:0.000367s ]
INFO: [ app_end ] --START--
INFO: Run Behavior\ShowPageTrace [ RunTime:0.000268s ]
INFO: [ app_end ] --END-- [ RunTime:0.000424s ]

[ 2024-07-03T13:38:35+08:00 ] ::1 /Home/Public/getCode
INFO: [ app_begin ] --START--
INFO: Run Behavior\ReadHtmlCache [ RunTime:0.000322s ]
INFO: Run Behavior\CheckLang [ RunTime:0.000885s ]
INFO: [ app_begin ] --END-- [ RunTime:0.001576s ]
SQL: SHOW COLUMNS FROM `ln_config` [ RunTime:0.009832s ]
SQL: SELECT `type`,`name`,`value` FROM `ln_config` WHERE ( `status` = 0 )  [ RunTime:0.000289s ]
NOTIC: [2] file_get_contents(http://www.adminx.site/index.php/user/api/index?name=shouorka&amp;domain=localhost:9003): failed to open stream: HTTP request failed! HTTP/1.1 404 Not Found
 D:\gift_card\giftcard_sell_site\web\ThinkPHP\Library\Think\Controller.class.php 第 44 行.
SQL: SHOW COLUMNS FROM `ln_user` [ RunTime:0.001102s ]
SQL: SELECT COUNT(*) AS tp_count FROM `ln_user` WHERE ( phone=13717701687 ) LIMIT 1   [ RunTime:0.000201s ]
NOTIC: [2] error_log(./logs/sms_error2024_07_03.log): failed to open stream: No such file or directory D:\gift_card\giftcard_sell_site\web\Application\Common\Common\function.php 第 48 行.

[ 2024-07-03T13:41:02+08:00 ] ::1 /
INFO: [ app_begin ] --START--
INFO: Run Behavior\ReadHtmlCache [ RunTime:0.000249s ]
INFO: Run Behavior\CheckLang [ RunTime:0.000564s ]
INFO: [ app_begin ] --END-- [ RunTime:0.001058s ]
SQL: SHOW COLUMNS FROM `ln_config` [ RunTime:0.010011s ]
SQL: SELECT `type`,`name`,`value` FROM `ln_config` WHERE ( `status` = 0 )  [ RunTime:0.000204s ]
NOTIC: [2] file_get_contents(http://www.adminx.site/index.php/user/api/index?name=shouorka&amp;domain=localhost:9003): failed to open stream: HTTP request failed! HTTP/1.1 403 Forbidden
 D:\gift_card\giftcard_sell_site\web\ThinkPHP\Library\Think\Controller.class.php 第 44 行.
SQL: SHOW COLUMNS FROM `ln_card_type` [ RunTime:0.010005s ]
SQL: SELECT * FROM `ln_card_type`  [ RunTime:0.000192s ]
SQL: SHOW COLUMNS FROM `ln_announcement` [ RunTime:0.000608s ]
SQL: SELECT * FROM `ln_announcement` ORDER BY id desc LIMIT 1   [ RunTime:0.000116s ]
SQL: SHOW COLUMNS FROM `ln_can_do` [ RunTime:0.000504s ]
SQL: SELECT * FROM `ln_can_do` ORDER BY id asc  [ RunTime:0.000118s ]
INFO: [ view_parse ] --START--
INFO: [ template_filter ] --START--
INFO: Run Behavior\ContentReplace [ RunTime:0.000236s ]
INFO: [ template_filter ] --END-- [ RunTime:0.000511s ]
INFO: Run Behavior\ParseTemplate [ RunTime:0.021119s ]
INFO: [ view_parse ] --END-- [ RunTime:0.021347s ]
INFO: [ view_filter ] --START--
INFO: Run Behavior\WriteHtmlCache [ RunTime:0.000413s ]
INFO: [ view_filter ] --END-- [ RunTime:0.000672s ]

[ 2024-07-03T13:41:03+08:00 ] ::1 /
INFO: [ app_begin ] --START--
INFO: Run Behavior\ReadHtmlCache [ RunTime:0.000334s ]
INFO: Run Behavior\CheckLang [ RunTime:0.000859s ]
INFO: [ app_begin ] --END-- [ RunTime:0.001592s ]
SQL: SHOW COLUMNS FROM `ln_config` [ RunTime:0.001179s ]
SQL: SELECT `type`,`name`,`value` FROM `ln_config` WHERE ( `status` = 0 )  [ RunTime:0.000169s ]
NOTIC: [2] file_get_contents(http://www.adminx.site/index.php/user/api/index?name=shouorka&amp;domain=localhost:9003): failed to open stream: HTTP request failed! HTTP/1.1 403 Forbidden
 D:\gift_card\giftcard_sell_site\web\ThinkPHP\Library\Think\Controller.class.php 第 44 行.
SQL: SHOW COLUMNS FROM `ln_card_type` [ RunTime:0.010286s ]
SQL: SELECT * FROM `ln_card_type`  [ RunTime:0.000244s ]
SQL: SHOW COLUMNS FROM `ln_announcement` [ RunTime:0.000736s ]
SQL: SELECT * FROM `ln_announcement` ORDER BY id desc LIMIT 1   [ RunTime:0.000150s ]
SQL: SHOW COLUMNS FROM `ln_can_do` [ RunTime:0.000580s ]
SQL: SELECT * FROM `ln_can_do` ORDER BY id asc  [ RunTime:0.000128s ]
INFO: [ view_parse ] --START--
INFO: [ template_filter ] --START--
INFO: Run Behavior\ContentReplace [ RunTime:0.000131s ]
INFO: [ template_filter ] --END-- [ RunTime:0.000282s ]
INFO: Run Behavior\ParseTemplate [ RunTime:0.009834s ]
INFO: [ view_parse ] --END-- [ RunTime:0.009991s ]
INFO: [ view_filter ] --START--
INFO: Run Behavior\WriteHtmlCache [ RunTime:0.000186s ]
INFO: [ view_filter ] --END-- [ RunTime:0.000326s ]

[ 2024-07-03T13:41:04+08:00 ] ::1 /
INFO: [ app_begin ] --START--
INFO: Run Behavior\ReadHtmlCache [ RunTime:0.000337s ]
INFO: Run Behavior\CheckLang [ RunTime:0.000980s ]
INFO: [ app_begin ] --END-- [ RunTime:0.001712s ]
SQL: SHOW COLUMNS FROM `ln_config` [ RunTime:0.001820s ]
SQL: SELECT `type`,`name`,`value` FROM `ln_config` WHERE ( `status` = 0 )  [ RunTime:0.000308s ]
NOTIC: [2] file_get_contents(http://www.adminx.site/index.php/user/api/index?name=shouorka&amp;domain=localhost:9003): failed to open stream: HTTP request failed! HTTP/1.1 403 Forbidden
 D:\gift_card\giftcard_sell_site\web\ThinkPHP\Library\Think\Controller.class.php 第 44 行.
SQL: SHOW COLUMNS FROM `ln_card_type` [ RunTime:0.011866s ]
SQL: SELECT * FROM `ln_card_type`  [ RunTime:0.000601s ]
SQL: SHOW COLUMNS FROM `ln_announcement` [ RunTime:0.001206s ]
SQL: SELECT * FROM `ln_announcement` ORDER BY id desc LIMIT 1   [ RunTime:0.000526s ]
SQL: SHOW COLUMNS FROM `ln_can_do` [ RunTime:0.001371s ]
SQL: SELECT * FROM `ln_can_do` ORDER BY id asc  [ RunTime:0.000324s ]
INFO: [ view_parse ] --START--
INFO: [ template_filter ] --START--
INFO: Run Behavior\ContentReplace [ RunTime:0.000235s ]
INFO: [ template_filter ] --END-- [ RunTime:0.000576s ]
INFO: Run Behavior\ParseTemplate [ RunTime:0.015603s ]
INFO: [ view_parse ] --END-- [ RunTime:0.015894s ]
INFO: [ view_filter ] --START--
INFO: Run Behavior\WriteHtmlCache [ RunTime:0.000392s ]
INFO: [ view_filter ] --END-- [ RunTime:0.000656s ]

[ 2024-07-03T13:41:04+08:00 ] ::1 /
INFO: [ app_begin ] --START--
INFO: Run Behavior\ReadHtmlCache [ RunTime:0.000332s ]
INFO: Run Behavior\CheckLang [ RunTime:0.000871s ]
INFO: [ app_begin ] --END-- [ RunTime:0.001599s ]
SQL: SHOW COLUMNS FROM `ln_config` [ RunTime:0.001207s ]
SQL: SELECT `type`,`name`,`value` FROM `ln_config` WHERE ( `status` = 0 )  [ RunTime:0.000330s ]
NOTIC: [2] file_get_contents(http://www.adminx.site/index.php/user/api/index?name=shouorka&amp;domain=localhost:9003): failed to open stream: HTTP request failed! HTTP/1.1 403 Forbidden
 D:\gift_card\giftcard_sell_site\web\ThinkPHP\Library\Think\Controller.class.php 第 44 行.
SQL: SHOW COLUMNS FROM `ln_card_type` [ RunTime:0.010071s ]
SQL: SELECT * FROM `ln_card_type`  [ RunTime:0.000335s ]
SQL: SHOW COLUMNS FROM `ln_announcement` [ RunTime:0.001019s ]
SQL: SELECT * FROM `ln_announcement` ORDER BY id desc LIMIT 1   [ RunTime:0.000230s ]
SQL: SHOW COLUMNS FROM `ln_can_do` [ RunTime:0.000727s ]
SQL: SELECT * FROM `ln_can_do` ORDER BY id asc  [ RunTime:0.000275s ]
INFO: [ view_parse ] --START--
INFO: [ template_filter ] --START--
INFO: Run Behavior\ContentReplace [ RunTime:0.000239s ]
INFO: [ template_filter ] --END-- [ RunTime:0.000507s ]
INFO: Run Behavior\ParseTemplate [ RunTime:0.017652s ]
INFO: [ view_parse ] --END-- [ RunTime:0.017920s ]
INFO: [ view_filter ] --START--
INFO: Run Behavior\WriteHtmlCache [ RunTime:0.000329s ]
INFO: [ view_filter ] --END-- [ RunTime:0.000596s ]

[ 2024-07-03T13:41:06+08:00 ] ::1 /
INFO: [ app_begin ] --START--
INFO: Run Behavior\ReadHtmlCache [ RunTime:0.000341s ]
INFO: Run Behavior\CheckLang [ RunTime:0.000910s ]
INFO: [ app_begin ] --END-- [ RunTime:0.001675s ]
SQL: SHOW COLUMNS FROM `ln_config` [ RunTime:0.000982s ]
SQL: SELECT `type`,`name`,`value` FROM `ln_config` WHERE ( `status` = 0 )  [ RunTime:0.000336s ]
NOTIC: [2] file_get_contents(http://www.adminx.site/index.php/user/api/index?name=shouorka&amp;domain=localhost:9003): failed to open stream: HTTP request failed! HTTP/1.1 403 Forbidden
 D:\gift_card\giftcard_sell_site\web\ThinkPHP\Library\Think\Controller.class.php 第 44 行.
SQL: SHOW COLUMNS FROM `ln_card_type` [ RunTime:0.012939s ]
SQL: SELECT * FROM `ln_card_type`  [ RunTime:0.000478s ]
SQL: SHOW COLUMNS FROM `ln_announcement` [ RunTime:0.005228s ]
SQL: SELECT * FROM `ln_announcement` ORDER BY id desc LIMIT 1   [ RunTime:0.000282s ]
SQL: SHOW COLUMNS FROM `ln_can_do` [ RunTime:0.001243s ]
SQL: SELECT * FROM `ln_can_do` ORDER BY id asc  [ RunTime:0.000267s ]
INFO: [ view_parse ] --START--
INFO: [ template_filter ] --START--
INFO: Run Behavior\ContentReplace [ RunTime:0.000238s ]
INFO: [ template_filter ] --END-- [ RunTime:0.000523s ]
INFO: Run Behavior\ParseTemplate [ RunTime:0.017795s ]
INFO: [ view_parse ] --END-- [ RunTime:0.018062s ]
INFO: [ view_filter ] --START--
INFO: Run Behavior\WriteHtmlCache [ RunTime:0.000331s ]
INFO: [ view_filter ] --END-- [ RunTime:0.000582s ]
INFO: [ app_end ] --START--
INFO: Run Behavior\ShowPageTrace [ RunTime:0.000441s ]
INFO: [ app_end ] --END-- [ RunTime:0.000702s ]

[ 2024-07-03T13:41:08+08:00 ] ::1 /Home/Public/register/type/2
INFO: [ app_begin ] --START--
INFO: Run Behavior\ReadHtmlCache [ RunTime:0.000329s ]
INFO: Run Behavior\CheckLang [ RunTime:0.000973s ]
INFO: [ app_begin ] --END-- [ RunTime:0.001704s ]
SQL: SHOW COLUMNS FROM `ln_config` [ RunTime:0.001315s ]
SQL: SELECT `type`,`name`,`value` FROM `ln_config` WHERE ( `status` = 0 )  [ RunTime:0.000309s ]
NOTIC: [2] file_get_contents(http://www.adminx.site/index.php/user/api/index?name=shouorka&amp;domain=localhost:9003): failed to open stream: HTTP request failed! HTTP/1.1 403 Forbidden
 D:\gift_card\giftcard_sell_site\web\ThinkPHP\Library\Think\Controller.class.php 第 44 行.
INFO: [ view_parse ] --START--
INFO: [ template_filter ] --START--
INFO: Run Behavior\ContentReplace [ RunTime:0.000189s ]
INFO: [ template_filter ] --END-- [ RunTime:0.000490s ]
INFO: Run Behavior\ParseTemplate [ RunTime:0.011122s ]
INFO: [ view_parse ] --END-- [ RunTime:0.011553s ]
INFO: [ view_filter ] --START--
INFO: Run Behavior\WriteHtmlCache [ RunTime:0.000364s ]
INFO: [ view_filter ] --END-- [ RunTime:0.000628s ]
INFO: [ app_end ] --START--
INFO: Run Behavior\ShowPageTrace [ RunTime:0.000461s ]
INFO: [ app_end ] --END-- [ RunTime:0.000896s ]

[ 2024-07-03T13:41:14+08:00 ] ::1 /Home/Public/getCode
INFO: [ app_begin ] --START--
INFO: Run Behavior\ReadHtmlCache [ RunTime:0.000311s ]
INFO: Run Behavior\CheckLang [ RunTime:0.000876s ]
INFO: [ app_begin ] --END-- [ RunTime:0.001545s ]
SQL: SHOW COLUMNS FROM `ln_config` [ RunTime:0.002376s ]
SQL: SELECT `type`,`name`,`value` FROM `ln_config` WHERE ( `status` = 0 )  [ RunTime:0.000303s ]
NOTIC: [2] file_get_contents(http://www.adminx.site/index.php/user/api/index?name=shouorka&amp;domain=localhost:9003): failed to open stream: HTTP request failed! HTTP/1.1 403 Forbidden
 D:\gift_card\giftcard_sell_site\web\ThinkPHP\Library\Think\Controller.class.php 第 44 行.
SQL: SHOW COLUMNS FROM `ln_user` [ RunTime:0.011064s ]
SQL: SELECT COUNT(*) AS tp_count FROM `ln_user` WHERE ( phone=13717701687 ) LIMIT 1   [ RunTime:0.000381s ]
NOTIC: [2] error_log(./logs/sms_error2024_07_03.log): failed to open stream: No such file or directory D:\gift_card\giftcard_sell_site\web\Application\Common\Common\function.php 第 48 行.

[ 2024-07-03T13:42:21+08:00 ] ::1 /
INFO: [ app_begin ] --START--
INFO: Run Behavior\ReadHtmlCache [ RunTime:0.000367s ]
INFO: Run Behavior\CheckLang [ RunTime:0.000865s ]
INFO: [ app_begin ] --END-- [ RunTime:0.001549s ]
SQL: SHOW COLUMNS FROM `ln_config` [ RunTime:0.010090s ]
SQL: SELECT `type`,`name`,`value` FROM `ln_config` WHERE ( `status` = 0 )  [ RunTime:0.000250s ]
NOTIC: [2] file_get_contents(http://www.adminx.site/index.php/user/api/index?name=shouorka&amp;domain=localhost): failed to open stream: HTTP request failed!  D:\gift_card\giftcard_sell_site\web\ThinkPHP\Library\Think\Controller.class.php 第 44 行.
SQL: SHOW COLUMNS FROM `ln_card_type` [ RunTime:0.012284s ]
SQL: SELECT * FROM `ln_card_type`  [ RunTime:0.000533s ]
SQL: SHOW COLUMNS FROM `ln_announcement` [ RunTime:0.001739s ]
SQL: SELECT * FROM `ln_announcement` ORDER BY id desc LIMIT 1   [ RunTime:0.000236s ]
SQL: SHOW COLUMNS FROM `ln_can_do` [ RunTime:0.001085s ]
SQL: SELECT * FROM `ln_can_do` ORDER BY id asc  [ RunTime:0.000177s ]
INFO: [ view_parse ] --START--
INFO: [ template_filter ] --START--
INFO: Run Behavior\ContentReplace [ RunTime:0.000108s ]
INFO: [ template_filter ] --END-- [ RunTime:0.000230s ]
INFO: Run Behavior\ParseTemplate [ RunTime:0.010388s ]
INFO: [ view_parse ] --END-- [ RunTime:0.010551s ]
INFO: [ view_filter ] --START--
INFO: Run Behavior\WriteHtmlCache [ RunTime:0.000155s ]
INFO: [ view_filter ] --END-- [ RunTime:0.000259s ]
INFO: [ app_end ] --START--
INFO: Run Behavior\ShowPageTrace [ RunTime:0.000344s ]
INFO: [ app_end ] --END-- [ RunTime:0.000664s ]

[ 2024-07-03T13:42:28+08:00 ] ::1 /
INFO: [ app_begin ] --START--
INFO: Run Behavior\ReadHtmlCache [ RunTime:0.000407s ]
INFO: Run Behavior\CheckLang [ RunTime:0.000932s ]
INFO: [ app_begin ] --END-- [ RunTime:0.001764s ]
SQL: SHOW COLUMNS FROM `ln_config` [ RunTime:0.001120s ]
SQL: SELECT `type`,`name`,`value` FROM `ln_config` WHERE ( `status` = 0 )  [ RunTime:0.000223s ]
NOTIC: [2] file_get_contents(http://www.adminx.site/index.php/user/api/index?name=shouorka&amp;domain=localhost:9003): failed to open stream: HTTP request failed!  D:\gift_card\giftcard_sell_site\web\ThinkPHP\Library\Think\Controller.class.php 第 44 行.
SQL: SHOW COLUMNS FROM `ln_card_type` [ RunTime:0.009394s ]
SQL: SELECT * FROM `ln_card_type`  [ RunTime:0.000185s ]
SQL: SHOW COLUMNS FROM `ln_announcement` [ RunTime:0.000527s ]
SQL: SELECT * FROM `ln_announcement` ORDER BY id desc LIMIT 1   [ RunTime:0.000113s ]
SQL: SHOW COLUMNS FROM `ln_can_do` [ RunTime:0.000573s ]
SQL: SELECT * FROM `ln_can_do` ORDER BY id asc  [ RunTime:0.000123s ]
INFO: [ view_parse ] --START--
INFO: [ template_filter ] --START--
INFO: Run Behavior\ContentReplace [ RunTime:0.000135s ]
INFO: [ template_filter ] --END-- [ RunTime:0.000292s ]
INFO: Run Behavior\ParseTemplate [ RunTime:0.014009s ]
INFO: [ view_parse ] --END-- [ RunTime:0.014160s ]
INFO: [ view_filter ] --START--
INFO: Run Behavior\WriteHtmlCache [ RunTime:0.000184s ]
INFO: [ view_filter ] --END-- [ RunTime:0.000329s ]
INFO: [ app_end ] --START--
INFO: Run Behavior\ShowPageTrace [ RunTime:0.000264s ]
INFO: [ app_end ] --END-- [ RunTime:0.000411s ]

[ 2024-07-03T13:42:32+08:00 ] ::1 /Home/Public/register/type/2
INFO: [ app_begin ] --START--
INFO: Run Behavior\ReadHtmlCache [ RunTime:0.000330s ]
INFO: Run Behavior\CheckLang [ RunTime:0.000763s ]
INFO: [ app_begin ] --END-- [ RunTime:0.001493s ]
SQL: SHOW COLUMNS FROM `ln_config` [ RunTime:0.001520s ]
SQL: SELECT `type`,`name`,`value` FROM `ln_config` WHERE ( `status` = 0 )  [ RunTime:0.000341s ]
NOTIC: [2] file_get_contents(http://www.adminx.site/index.php/user/api/index?name=shouorka&amp;domain=localhost:9003): failed to open stream: HTTP request failed!  D:\gift_card\giftcard_sell_site\web\ThinkPHP\Library\Think\Controller.class.php 第 44 行.
INFO: [ view_parse ] --START--
INFO: [ template_filter ] --START--
INFO: Run Behavior\ContentReplace [ RunTime:0.000100s ]
INFO: [ template_filter ] --END-- [ RunTime:0.000266s ]
INFO: Run Behavior\ParseTemplate [ RunTime:0.004299s ]
INFO: [ view_parse ] --END-- [ RunTime:0.004455s ]
INFO: [ view_filter ] --START--
INFO: Run Behavior\WriteHtmlCache [ RunTime:0.000180s ]
INFO: [ view_filter ] --END-- [ RunTime:0.000320s ]
INFO: [ app_end ] --START--
INFO: Run Behavior\ShowPageTrace [ RunTime:0.000362s ]
INFO: [ app_end ] --END-- [ RunTime:0.000536s ]

[ 2024-07-03T13:42:43+08:00 ] ::1 /Home/Public/getCode
INFO: [ app_begin ] --START--
INFO: Run Behavior\ReadHtmlCache [ RunTime:0.000321s ]
INFO: Run Behavior\CheckLang [ RunTime:0.000770s ]
INFO: [ app_begin ] --END-- [ RunTime:0.001452s ]
SQL: SHOW COLUMNS FROM `ln_config` [ RunTime:0.001255s ]
SQL: SELECT `type`,`name`,`value` FROM `ln_config` WHERE ( `status` = 0 )  [ RunTime:0.000430s ]
NOTIC: [2] file_get_contents(http://www.adminx.site/index.php/user/api/index?name=shouorka&amp;domain=localhost:9003): failed to open stream: HTTP request failed!  D:\gift_card\giftcard_sell_site\web\ThinkPHP\Library\Think\Controller.class.php 第 44 行.
SQL: SHOW COLUMNS FROM `ln_user` [ RunTime:0.013987s ]
SQL: SELECT COUNT(*) AS tp_count FROM `ln_user` WHERE ( phone=13717701687 ) LIMIT 1   [ RunTime:0.000424s ]
NOTIC: [2] error_log(./logs/sms_error2024_07_03.log): failed to open stream: No such file or directory D:\gift_card\giftcard_sell_site\web\Application\Common\Common\function.php 第 48 行.

