Array
(
    [submission] => 1
    [imgs] => 
    [cardkey] => 123232 343433
789555 784585
    [cardid] => 237
    [priceid] => 663
    [custom] => 
    [express] => 0
    [typeid] => 110
    [is_force] => 0
)
Array
(
    [submission] => 1
    [imgs] => 
    [cardkey] => 214431 343532
    [cardid] => 237
    [priceid] => 649
    [custom] => 
    [express] => 1
    [typeid] => 110
    [is_force] => 0
)
Array
(
    [submission] => 1
    [imgs] => 
    [cardkey] => 111111
    [cardid] => 236
    [priceid] => 664
    [custom] => 
    [express] => 0
    [typeid] => 110
    [is_force] => 0
)
Array
(
    [submission] => 1
    [imgs] => 
    [cardkey] => 323232
    [cardid] => 236
    [priceid] => 663
    [custom] => 
    [express] => 0
    [typeid] => 110
    [is_force] => 0
)
Array
(
    [submission] => 1
    [imgs] => 
    [cardkey] => 131222
    [cardid] => 237
    [priceid] => 642
    [custom] => 
    [express] => 0
    [typeid] => 110
    [is_force] => 0
)
Array
(
    [submission] => 1
    [imgs] => 
    [cardkey] => 121212
121212
    [cardid] => 237
    [priceid] => 641
    [custom] => 
    [express] => 0
    [typeid] => 110
    [is_force] => 0
)
Array
(
    [submission] => 1
    [imgs] => 
    [cardkey] => 121212
121212
    [cardid] => 237
    [priceid] => 641
    [custom] => 
    [express] => 0
    [typeid] => 110
    [is_force] => 0
)
Array
(
    [submission] => 1
    [imgs] => 
    [cardkey] => 121212
121212
    [cardid] => 237
    [priceid] => 641
    [custom] => 
    [express] => 0
    [typeid] => 110
    [is_force] => 0
)
Array
(
    [submission] => 1
    [imgs] => 
    [cardkey] => 121212
121212
    [cardid] => 237
    [priceid] => 641
    [custom] => 
    [express] => 0
    [typeid] => 110
    [is_force] => 0
)
Array
(
    [submission] => 1
    [imgs] => 
    [cardkey] => 121212
121212
    [cardid] => 237
    [priceid] => 641
    [custom] => 
    [express] => 0
    [typeid] => 110
    [is_force] => 0
)
Array
(
    [submission] => 1
    [imgs] => 
    [cardkey] => 111111
111111
    [cardid] => 237
    [priceid] => 641
    [custom] => 
    [express] => 0
    [typeid] => 110
    [is_force] => 0
)
Array
(
    [submission] => 1
    [imgs] => 
    [cardkey] => 123456
789658
123456
    [cardid] => 237
    [priceid] => 641
    [custom] => 
    [express] => 0
    [typeid] => 110
    [is_force] => 0
)
Array
(
    [submission] => 1
    [imgs] => 
    [cardkey] => 2543645645
445544
445544
74546466
    [cardid] => 237
    [priceid] => 642
    [custom] => 
    [express] => 0
    [typeid] => 110
    [is_force] => 0
)
Array
(
    [submission] => 1
    [imgs] => 
    [cardkey] => 254365
445544
445544
745464
    [cardid] => 237
    [priceid] => 642
    [custom] => 
    [express] => 0
    [typeid] => 110
    [is_force] => 0
)
Array
(
    [submission] => 1
    [imgs] => 
    [cardkey] => rdeasdasdadsadasdasdasda
gsfdsfgdfgfdsgdfgdsfgdfsg
fsdfsdfsdafsdfdsf
    [priceid] => zdy
    [custom] => 
    [express] => 0
    [typeid] => 110
    [is_force] => 0
)
